#
# A fatal error has been detected by the Java Runtime Environment:
#
#  EXCEPTION_ACCESS_VIOLATION (0xc0000005) at pc=0x00007ff90c8bf49b, pid=18716, tid=29684
#
# JRE version: Java(TM) SE Runtime Environment 18.9 (11.0.16.1+1) (build 11.0.16.1+1-LTS-1)
# Java VM: Java HotSpot(TM) 64-Bit Server VM 18.9 (11.0.16.1+1-LTS-1, mixed mode, tiered, compressed oops, g1 gc, windows-amd64)
# Problematic frame:
# C  [atio6axx.dll+0x1f2f49b]
#
# No core dump will be written. Minidumps are not enabled by default on client versions of Windows
#
# If you would like to submit a bug report, please visit:
#   https://bugreport.java.com/bugreport/crash.jsp
# The crash happened outside the Java Virtual Machine in native code.
# See problematic frame for where to report the bug.
#

---------------  S U M M A R Y ------------

Command Line: Main

Host: AMD Ryzen 7 5800HS with Radeon Graphics         , 16 cores, 15G,  Windows 11 , 64 bit Build 22621 (10.0.22621.1194)
Time: Tue Feb 28 17:51:58 2023 Eastern Standard Time elapsed time: 1.657587 seconds (0d 0h 0m 1s)

---------------  T H R E A D  ---------------

Current thread (0x00000151f155f800):  JavaThread "AWT-EventQueue-0" [_thread_in_native, id=29684, stack(0x00000023ac400000,0x00000023ac500000)]

Stack: [0x00000023ac400000,0x00000023ac500000],  sp=0x00000023ac4fcb98,  free space=1010k
Native frames: (J=compiled Java code, j=interpreted, Vv=VM code, C=native code)
C  [atio6axx.dll+0x1f2f49b]

Java frames: (J=compiled Java code, j=interpreted, Vv=VM code)
j  jogamp.opengl.gl4.GL4bcImpl.dispatch_glBufferDataDelegate1(IJLjava/lang/Object;IZIJ)V+0
j  jogamp.opengl.gl4.GL4bcImpl.glBufferDataDelegate(IJLjava/nio/Buffer;I)V+88
j  jogamp.opengl.gl4.GL4bcImpl.access$000(Ljogamp/opengl/gl4/GL4bcImpl;IJLjava/nio/Buffer;I)V+7
j  jogamp.opengl.gl4.GL4bcImpl$1.create(IJLjava/nio/Buffer;I)V+10
j  jogamp.opengl.GLBufferObjectTracker.createBufferStorage(Ljogamp/opengl/GLBufferStateTracker;Lcom/jogamp/opengl/GL;IJLjava/nio/Buffer;IILjogamp/opengl/GLBufferObjectTracker$CreateStorageDispatch;)V+207
j  jogamp.opengl.gl4.GL4bcImpl.glBufferData(IJLjava/nio/Buffer;I)V+20
j  Main.sphereVertices()V+362
j  Main.init(Lcom/jogamp/opengl/GLAutoDrawable;)V+131
j  jogamp.opengl.GLDrawableHelper.init(Lcom/jogamp/opengl/GLEventListener;Lcom/jogamp/opengl/GLAutoDrawable;Z)V+2
j  jogamp.opengl.GLDrawableHelper.init(Lcom/jogamp/opengl/GLAutoDrawable;Z)V+81
j  com.jogamp.opengl.awt.GLCanvas$10.run()V+26
j  jogamp.opengl.GLDrawableHelper.invokeGLImpl(Lcom/jogamp/opengl/GLDrawable;Lcom/jogamp/opengl/GLContext;Ljava/lang/Runnable;Ljava/lang/Runnable;)V+197
j  jogamp.opengl.GLDrawableHelper.invokeGL(Lcom/jogamp/opengl/GLDrawable;Lcom/jogamp/opengl/GLContext;Ljava/lang/Runnable;Ljava/lang/Runnable;)V+72
j  com.jogamp.opengl.awt.GLCanvas$12.run()V+104
j  java.awt.event.InvocationEvent.dispatch()V+11 java.desktop@11.0.16.1
j  java.awt.EventQueue.dispatchEventImpl(Ljava/awt/AWTEvent;Ljava/lang/Object;)V+21 java.desktop@11.0.16.1
j  java.awt.EventQueue$4.run()Ljava/lang/Void;+32 java.desktop@11.0.16.1
j  java.awt.EventQueue$4.run()Ljava/lang/Object;+1 java.desktop@11.0.16.1
v  ~StubRoutines::call_stub
j  java.security.AccessController.doPrivileged(Ljava/security/PrivilegedAction;Ljava/security/AccessControlContext;)Ljava/lang/Object;+0 java.base@11.0.16.1
j  java.security.ProtectionDomain$JavaSecurityAccessImpl.doIntersectionPrivilege(Ljava/security/PrivilegedAction;Ljava/security/AccessControlContext;Ljava/security/AccessControlContext;)Ljava/lang/Object;+18 java.base@11.0.16.1
j  java.awt.EventQueue.dispatchEvent(Ljava/awt/AWTEvent;)V+46 java.desktop@11.0.16.1
j  java.awt.EventDispatchThread.pumpOneEventForFilters(I)V+78 java.desktop@11.0.16.1
j  java.awt.EventDispatchThread.pumpEventsForFilter(ILjava/awt/Conditional;Ljava/awt/EventFilter;)V+35 java.desktop@11.0.16.1
j  java.awt.EventDispatchThread.pumpEventsForHierarchy(ILjava/awt/Conditional;Ljava/awt/Component;)V+11 java.desktop@11.0.16.1
j  java.awt.EventDispatchThread.pumpEvents(ILjava/awt/Conditional;)V+4 java.desktop@11.0.16.1
j  java.awt.EventDispatchThread.pumpEvents(Ljava/awt/Conditional;)V+3 java.desktop@11.0.16.1
j  java.awt.EventDispatchThread.run()V+9 java.desktop@11.0.16.1
v  ~StubRoutines::call_stub

siginfo: EXCEPTION_ACCESS_VIOLATION (0xc0000005), reading address 0x0000015180fb5000


Register to memory mapping:

RIP=0x00007ff90c8bf49b atio6axx.dll
RAX=0x00000151fee42450 points into unknown readable memory: 0x0000000000000000 | 00 00 00 00 00 00 00 00
RBX=0x00000151fee42450 points into unknown readable memory: 0x0000000000000000 | 00 00 00 00 00 00 00 00
RCX=0x0000000000001220 is an unknown value
RDX=0x0000015180fac020 points into unknown readable memory: 0x0000000000000000 | 00 00 00 00 00 00 00 00
RSP=0x00000023ac4fcb98 is pointing into the stack for thread: 0x00000151f155f800
RBP=0x0 is NULL
RSI=0x0000015180fb5000 is an unknown value
RDI=0x00000151fee4b430 points into unknown readable memory: 0x0000000000000000 | 00 00 00 00 00 00 00 00
R8 =0x000000000000a200 is an unknown value
R9 =0x0000015180fb6220 is an unknown value
R10=0x00007ff90a990000 atio6axx.dll
R11=0x00000151f228dd28 points into unknown readable memory: 0x00007ff90d8f1fa8 | a8 1f 8f 0d f9 7f 00 00
R12=0x000000000000a200 is an unknown value
R13=0x0000000000000030 is an unknown value
R14=0x0 is NULL
R15=0x000000000000a200 is an unknown value


Registers:
RAX=0x00000151fee42450, RBX=0x00000151fee42450, RCX=0x0000000000001220, RDX=0x0000015180fac020
RSP=0x00000023ac4fcb98, RBP=0x0000000000000000, RSI=0x0000015180fb5000, RDI=0x00000151fee4b430
R8 =0x000000000000a200, R9 =0x0000015180fb6220, R10=0x00007ff90a990000, R11=0x00000151f228dd28
R12=0x000000000000a200, R13=0x0000000000000030, R14=0x0000000000000000, R15=0x000000000000a200
RIP=0x00007ff90c8bf49b, EFLAGS=0x0000000000010202

Top of Stack: (sp=0x00000023ac4fcb98)
0x00000023ac4fcb98:   00000151fb3dd690 00000151fa9af080
0x00000023ac4fcba8:   00007ff90b316d3f 00000151ec55f470
0x00000023ac4fcbb8:   0000000000000000 00000007181d3418
0x00000023ac4fcbc8:   00000151eb1e1408 00000000000088e4
0x00000023ac4fcbd8:   00000151fee42450 0000000000000030
0x00000023ac4fcbe8:   00007ff90ae3a7c0 00000151fa9af080
0x00000023ac4fcbf8:   0000015180fac020 00000151f96b31a8
0x00000023ac4fcc08:   000000000000a200 00000000000088e4
0x00000023ac4fcc18:   0000000000000000 00000151f228dd28
0x00000023ac4fcc28:   0000000000008892 00000151fa9af080
0x00000023ac4fcc38:   00007ff90b20a2fc 0000000000008892
0x00000023ac4fcc48:   0000015100008892 000000000000a200
0x00000023ac4fcc58:   0000015180fac020 00000000000088e4
0x00000023ac4fcc68:   000000006451daaa 00000151f155fb48
0x00000023ac4fcc78:   00007ff90adac7e0 00000023ac4fcdf8
0x00000023ac4fcc88:   00007ff8a40b22f8 00000151f228dd28 

Instructions: (pc=0x00007ff90c8bf49b)
0x00007ff90c8bf47b:   48 8b c2 c3 cc cc cc cc cc cc cc 66 66 0f 1f 84
0x00007ff90c8bf48b:   00 00 00 00 00 57 56 48 8b f9 48 8b f2 49 8b c8
0x00007ff90c8bf49b:   f3 a4 5e 5f c3 cc cc cc cc cc cc 66 66 0f 1f 84
0x00007ff90c8bf4ab:   00 00 00 00 00 48 8b c1 4c 8d 15 46 0b 0d fe 49 


Stack slot to memory mapping:
stack at sp + 0 slots: 0x00000151fb3dd690 points into unknown readable memory: 0x0000000000000000 | 00 00 00 00 00 00 00 00
stack at sp + 1 slots: 0x00000151fa9af080 points into unknown readable memory: 0x00007ff90d8f1cb0 | b0 1c 8f 0d f9 7f 00 00
stack at sp + 2 slots: 0x00007ff90b316d3f atio6axx.dll
stack at sp + 3 slots: 0x00000151ec55f470 is pointing into metadata
stack at sp + 4 slots: 0x0 is NULL
stack at sp + 5 slots: 0x00000007181d3418 is an oop: java.lang.Class 
{0x00000007181d3418} - klass: 'java/lang/Class'
stack at sp + 6 slots: {method} {0x00000151eb1e1410} 'position' '(I)Ljava/nio/FloatBuffer;' in 'java/nio/FloatBuffer'
stack at sp + 7 slots: 0x00000000000088e4 is an unknown value


---------------  P R O C E S S  ---------------

Threads class SMR info:
_java_thread_list=0x00000151f8edfc40, length=20, elements={
0x00000151ead2d800, 0x00000151ead36800, 0x00000151eb631000, 0x00000151eb632000,
0x00000151eb633000, 0x00000151eb639800, 0x00000151eb63d000, 0x00000151eb659000,
0x00000151eb5c0800, 0x00000151eb7d5000, 0x00000151ebd6f000, 0x00000151ebd85000,
0x00000151ebd6b800, 0x00000151ec227800, 0x00000151f19bc000, 0x00000151f155f800,
0x00000151f1526800, 0x00000151f9264800, 0x00000151f1ed5000, 0x00000151c587a000
}

Java Threads: ( => current thread )
  0x00000151ead2d800 JavaThread "Reference Handler" daemon [_thread_blocked, id=29956, stack(0x00000023a9e00000,0x00000023a9f00000)]
  0x00000151ead36800 JavaThread "Finalizer" daemon [_thread_blocked, id=18208, stack(0x00000023a9f00000,0x00000023aa000000)]
  0x00000151eb631000 JavaThread "Signal Dispatcher" daemon [_thread_blocked, id=31560, stack(0x00000023aa000000,0x00000023aa100000)]
  0x00000151eb632000 JavaThread "Attach Listener" daemon [_thread_blocked, id=1484, stack(0x00000023aa100000,0x00000023aa200000)]
  0x00000151eb633000 JavaThread "Service Thread" daemon [_thread_blocked, id=29444, stack(0x00000023aa200000,0x00000023aa300000)]
  0x00000151eb639800 JavaThread "C2 CompilerThread0" daemon [_thread_blocked, id=31428, stack(0x00000023aa300000,0x00000023aa400000)]
  0x00000151eb63d000 JavaThread "C1 CompilerThread0" daemon [_thread_blocked, id=1640, stack(0x00000023aa400000,0x00000023aa500000)]
  0x00000151eb659000 JavaThread "Sweeper thread" daemon [_thread_blocked, id=11648, stack(0x00000023aa500000,0x00000023aa600000)]
  0x00000151eb5c0800 JavaThread "C1 CompilerThread1" daemon [_thread_blocked, id=16356, stack(0x00000023aa600000,0x00000023aa700000)]
  0x00000151eb7d5000 JavaThread "Common-Cleaner" daemon [_thread_blocked, id=31156, stack(0x00000023aa800000,0x00000023aa900000)]
  0x00000151ebd6f000 JavaThread "Java2D Disposer" daemon [_thread_blocked, id=4172, stack(0x00000023aa900000,0x00000023aaa00000)]
  0x00000151ebd85000 JavaThread "AWT-Shutdown" [_thread_blocked, id=8960, stack(0x00000023aaa00000,0x00000023aab00000)]
  0x00000151ebd6b800 JavaThread "AWT-Windows" daemon [_thread_in_native, id=30364, stack(0x00000023aab00000,0x00000023aac00000)]
  0x00000151ec227800 JavaThread "C1 CompilerThread2" daemon [_thread_blocked, id=12960, stack(0x00000023ac100000,0x00000023ac200000)]
  0x00000151f19bc000 JavaThread "C1 CompilerThread3" daemon [_thread_blocked, id=3124, stack(0x00000023ac200000,0x00000023ac300000)]
=>0x00000151f155f800 JavaThread "AWT-EventQueue-0" [_thread_in_native, id=29684, stack(0x00000023ac400000,0x00000023ac500000)]
  0x00000151f1526800 JavaThread "main-SharedResourceRunner" daemon [_thread_blocked, id=2240, stack(0x00000023ac500000,0x00000023ac600000)]
  0x00000151f9264800 JavaThread "D3D Screen Updater" daemon [_thread_blocked, id=8596, stack(0x00000023ac300000,0x00000023ac400000)]
  0x00000151f1ed5000 JavaThread "main-FPSAWTAnimator#00-Timer0" [_thread_blocked, id=9200, stack(0x00000023ad000000,0x00000023ad100000)]
  0x00000151c587a000 JavaThread "DestroyJavaVM" [_thread_blocked, id=26468, stack(0x00000023a9700000,0x00000023a9800000)]

Other Threads:
  0x00000151ead27000 VMThread "VM Thread" [stack: 0x00000023a9d00000,0x00000023a9e00000] [id=27020]
  0x00000151eb7c3800 WatcherThread [stack: 0x00000023aa700000,0x00000023aa800000] [id=7160]
  0x00000151c5aec000 GCTaskThread "GC Thread#0" [stack: 0x00000023a9800000,0x00000023a9900000] [id=28240]
  0x00000151f977b800 GCTaskThread "GC Thread#1" [stack: 0x00000023aca00000,0x00000023acb00000] [id=24884]
  0x00000151f977c800 GCTaskThread "GC Thread#2" [stack: 0x00000023acb00000,0x00000023acc00000] [id=28492]
  0x00000151f977e000 GCTaskThread "GC Thread#3" [stack: 0x00000023acc00000,0x00000023acd00000] [id=10092]
  0x00000151f977f000 GCTaskThread "GC Thread#4" [stack: 0x00000023acd00000,0x00000023ace00000] [id=27804]
  0x00000151f9788800 GCTaskThread "GC Thread#5" [stack: 0x00000023ace00000,0x00000023acf00000] [id=25880]
  0x00000151f8ede800 GCTaskThread "GC Thread#6" [stack: 0x00000023ad200000,0x00000023ad300000] [id=31484]
  0x00000151f8edf000 GCTaskThread "GC Thread#7" [stack: 0x00000023ad300000,0x00000023ad400000] [id=28856]
  0x00000151c5b47800 ConcurrentGCThread "G1 Main Marker" [stack: 0x00000023a9900000,0x00000023a9a00000] [id=29500]
  0x00000151c5b49800 ConcurrentGCThread "G1 Conc#0" [stack: 0x00000023a9a00000,0x00000023a9b00000] [id=26516]
  0x00000151f8ee2000 ConcurrentGCThread "G1 Conc#1" [stack: 0x00000023ad400000,0x00000023ad500000] [id=27064]
  0x00000151f184f000 ConcurrentGCThread "G1 Conc#2" [stack: 0x00000023ad500000,0x00000023ad600000] [id=23060]
  0x00000151eabfe800 ConcurrentGCThread "G1 Refine#0" [stack: 0x00000023a9b00000,0x00000023a9c00000] [id=15392]
  0x00000151eac01800 ConcurrentGCThread "G1 Young RemSet Sampling" [stack: 0x00000023a9c00000,0x00000023a9d00000] [id=12964]

Threads with active compile tasks:

VM state:not at safepoint (normal execution)

VM Mutex/Monitor currently owned by a thread: None

Heap address: 0x0000000709600000, size: 3946 MB, Compressed Oops mode: Zero based, Oop shift amount: 3
Narrow klass base: 0x0000000800000000, Narrow klass shift: 0
Compressed class space size: 1073741824 Address: 0x0000000800000000

Heap:
 garbage-first heap   total 253952K, used 6635K [0x0000000709600000, 0x0000000800000000)
  region size 1024K, 8 young (8192K), 5 survivors (5120K)
 Metaspace       used 21064K, capacity 21507K, committed 21808K, reserved 1069056K
  class space    used 1959K, capacity 2170K, committed 2176K, reserved 1048576K
Heap Regions: E=young(eden), S=young(survivor), O=old, HS=humongous(starts), HC=humongous(continues), CS=collection set, F=free, A=archive, TAMS=top-at-mark-start (previous, next)
|   0|0x0000000709600000, 0x0000000709600000, 0x0000000709700000|  0%| F|  |TAMS 0x0000000709600000, 0x0000000709600000| Untracked 
|   1|0x0000000709700000, 0x0000000709700000, 0x0000000709800000|  0%| F|  |TAMS 0x0000000709700000, 0x0000000709700000| Untracked 
|   2|0x0000000709800000, 0x0000000709800000, 0x0000000709900000|  0%| F|  |TAMS 0x0000000709800000, 0x0000000709800000| Untracked 
|   3|0x0000000709900000, 0x0000000709900000, 0x0000000709a00000|  0%| F|  |TAMS 0x0000000709900000, 0x0000000709900000| Untracked 
|   4|0x0000000709a00000, 0x0000000709a00000, 0x0000000709b00000|  0%| F|  |TAMS 0x0000000709a00000, 0x0000000709a00000| Untracked 
|   5|0x0000000709b00000, 0x0000000709b00000, 0x0000000709c00000|  0%| F|  |TAMS 0x0000000709b00000, 0x0000000709b00000| Untracked 
|   6|0x0000000709c00000, 0x0000000709c00000, 0x0000000709d00000|  0%| F|  |TAMS 0x0000000709c00000, 0x0000000709c00000| Untracked 
|   7|0x0000000709d00000, 0x0000000709d00000, 0x0000000709e00000|  0%| F|  |TAMS 0x0000000709d00000, 0x0000000709d00000| Untracked 
|   8|0x0000000709e00000, 0x0000000709e00000, 0x0000000709f00000|  0%| F|  |TAMS 0x0000000709e00000, 0x0000000709e00000| Untracked 
|   9|0x0000000709f00000, 0x0000000709f00000, 0x000000070a000000|  0%| F|  |TAMS 0x0000000709f00000, 0x0000000709f00000| Untracked 
|  10|0x000000070a000000, 0x000000070a000000, 0x000000070a100000|  0%| F|  |TAMS 0x000000070a000000, 0x000000070a000000| Untracked 
|  11|0x000000070a100000, 0x000000070a100000, 0x000000070a200000|  0%| F|  |TAMS 0x000000070a100000, 0x000000070a100000| Untracked 
|  12|0x000000070a200000, 0x000000070a200000, 0x000000070a300000|  0%| F|  |TAMS 0x000000070a200000, 0x000000070a200000| Untracked 
|  13|0x000000070a300000, 0x000000070a300000, 0x000000070a400000|  0%| F|  |TAMS 0x000000070a300000, 0x000000070a300000| Untracked 
|  14|0x000000070a400000, 0x000000070a400000, 0x000000070a500000|  0%| F|  |TAMS 0x000000070a400000, 0x000000070a400000| Untracked 
|  15|0x000000070a500000, 0x000000070a500000, 0x000000070a600000|  0%| F|  |TAMS 0x000000070a500000, 0x000000070a500000| Untracked 
|  16|0x000000070a600000, 0x000000070a600000, 0x000000070a700000|  0%| F|  |TAMS 0x000000070a600000, 0x000000070a600000| Untracked 
|  17|0x000000070a700000, 0x000000070a700000, 0x000000070a800000|  0%| F|  |TAMS 0x000000070a700000, 0x000000070a700000| Untracked 
|  18|0x000000070a800000, 0x000000070a800000, 0x000000070a900000|  0%| F|  |TAMS 0x000000070a800000, 0x000000070a800000| Untracked 
|  19|0x000000070a900000, 0x000000070a900000, 0x000000070aa00000|  0%| F|  |TAMS 0x000000070a900000, 0x000000070a900000| Untracked 
|  20|0x000000070aa00000, 0x000000070aa00000, 0x000000070ab00000|  0%| F|  |TAMS 0x000000070aa00000, 0x000000070aa00000| Untracked 
|  21|0x000000070ab00000, 0x000000070ab00000, 0x000000070ac00000|  0%| F|  |TAMS 0x000000070ab00000, 0x000000070ab00000| Untracked 
|  22|0x000000070ac00000, 0x000000070ac00000, 0x000000070ad00000|  0%| F|  |TAMS 0x000000070ac00000, 0x000000070ac00000| Untracked 
|  23|0x000000070ad00000, 0x000000070ad00000, 0x000000070ae00000|  0%| F|  |TAMS 0x000000070ad00000, 0x000000070ad00000| Untracked 
|  24|0x000000070ae00000, 0x000000070ae00000, 0x000000070af00000|  0%| F|  |TAMS 0x000000070ae00000, 0x000000070ae00000| Untracked 
|  25|0x000000070af00000, 0x000000070af00000, 0x000000070b000000|  0%| F|  |TAMS 0x000000070af00000, 0x000000070af00000| Untracked 
|  26|0x000000070b000000, 0x000000070b000000, 0x000000070b100000|  0%| F|  |TAMS 0x000000070b000000, 0x000000070b000000| Untracked 
|  27|0x000000070b100000, 0x000000070b100000, 0x000000070b200000|  0%| F|  |TAMS 0x000000070b100000, 0x000000070b100000| Untracked 
|  28|0x000000070b200000, 0x000000070b200000, 0x000000070b300000|  0%| F|  |TAMS 0x000000070b200000, 0x000000070b200000| Untracked 
|  29|0x000000070b300000, 0x000000070b300000, 0x000000070b400000|  0%| F|  |TAMS 0x000000070b300000, 0x000000070b300000| Untracked 
|  30|0x000000070b400000, 0x000000070b400000, 0x000000070b500000|  0%| F|  |TAMS 0x000000070b400000, 0x000000070b400000| Untracked 
|  31|0x000000070b500000, 0x000000070b500000, 0x000000070b600000|  0%| F|  |TAMS 0x000000070b500000, 0x000000070b500000| Untracked 
|  32|0x000000070b600000, 0x000000070b600000, 0x000000070b700000|  0%| F|  |TAMS 0x000000070b600000, 0x000000070b600000| Untracked 
|  33|0x000000070b700000, 0x000000070b700000, 0x000000070b800000|  0%| F|  |TAMS 0x000000070b700000, 0x000000070b700000| Untracked 
|  34|0x000000070b800000, 0x000000070b800000, 0x000000070b900000|  0%| F|  |TAMS 0x000000070b800000, 0x000000070b800000| Untracked 
|  35|0x000000070b900000, 0x000000070b900000, 0x000000070ba00000|  0%| F|  |TAMS 0x000000070b900000, 0x000000070b900000| Untracked 
|  36|0x000000070ba00000, 0x000000070ba00000, 0x000000070bb00000|  0%| F|  |TAMS 0x000000070ba00000, 0x000000070ba00000| Untracked 
|  37|0x000000070bb00000, 0x000000070bb00000, 0x000000070bc00000|  0%| F|  |TAMS 0x000000070bb00000, 0x000000070bb00000| Untracked 
|  38|0x000000070bc00000, 0x000000070bc00000, 0x000000070bd00000|  0%| F|  |TAMS 0x000000070bc00000, 0x000000070bc00000| Untracked 
|  39|0x000000070bd00000, 0x000000070bd00000, 0x000000070be00000|  0%| F|  |TAMS 0x000000070bd00000, 0x000000070bd00000| Untracked 
|  40|0x000000070be00000, 0x000000070be00000, 0x000000070bf00000|  0%| F|  |TAMS 0x000000070be00000, 0x000000070be00000| Untracked 
|  41|0x000000070bf00000, 0x000000070bf00000, 0x000000070c000000|  0%| F|  |TAMS 0x000000070bf00000, 0x000000070bf00000| Untracked 
|  42|0x000000070c000000, 0x000000070c000000, 0x000000070c100000|  0%| F|  |TAMS 0x000000070c000000, 0x000000070c000000| Untracked 
|  43|0x000000070c100000, 0x000000070c100000, 0x000000070c200000|  0%| F|  |TAMS 0x000000070c100000, 0x000000070c100000| Untracked 
|  44|0x000000070c200000, 0x000000070c200000, 0x000000070c300000|  0%| F|  |TAMS 0x000000070c200000, 0x000000070c200000| Untracked 
|  45|0x000000070c300000, 0x000000070c300000, 0x000000070c400000|  0%| F|  |TAMS 0x000000070c300000, 0x000000070c300000| Untracked 
|  46|0x000000070c400000, 0x000000070c400000, 0x000000070c500000|  0%| F|  |TAMS 0x000000070c400000, 0x000000070c400000| Untracked 
|  47|0x000000070c500000, 0x000000070c500000, 0x000000070c600000|  0%| F|  |TAMS 0x000000070c500000, 0x000000070c500000| Untracked 
|  48|0x000000070c600000, 0x000000070c600000, 0x000000070c700000|  0%| F|  |TAMS 0x000000070c600000, 0x000000070c600000| Untracked 
|  49|0x000000070c700000, 0x000000070c700000, 0x000000070c800000|  0%| F|  |TAMS 0x000000070c700000, 0x000000070c700000| Untracked 
|  50|0x000000070c800000, 0x000000070c800000, 0x000000070c900000|  0%| F|  |TAMS 0x000000070c800000, 0x000000070c800000| Untracked 
|  51|0x000000070c900000, 0x000000070c900000, 0x000000070ca00000|  0%| F|  |TAMS 0x000000070c900000, 0x000000070c900000| Untracked 
|  52|0x000000070ca00000, 0x000000070ca00000, 0x000000070cb00000|  0%| F|  |TAMS 0x000000070ca00000, 0x000000070ca00000| Untracked 
|  53|0x000000070cb00000, 0x000000070cb00000, 0x000000070cc00000|  0%| F|  |TAMS 0x000000070cb00000, 0x000000070cb00000| Untracked 
|  54|0x000000070cc00000, 0x000000070cc00000, 0x000000070cd00000|  0%| F|  |TAMS 0x000000070cc00000, 0x000000070cc00000| Untracked 
|  55|0x000000070cd00000, 0x000000070cd00000, 0x000000070ce00000|  0%| F|  |TAMS 0x000000070cd00000, 0x000000070cd00000| Untracked 
|  56|0x000000070ce00000, 0x000000070ce00000, 0x000000070cf00000|  0%| F|  |TAMS 0x000000070ce00000, 0x000000070ce00000| Untracked 
|  57|0x000000070cf00000, 0x000000070cf00000, 0x000000070d000000|  0%| F|  |TAMS 0x000000070cf00000, 0x000000070cf00000| Untracked 
|  58|0x000000070d000000, 0x000000070d000000, 0x000000070d100000|  0%| F|  |TAMS 0x000000070d000000, 0x000000070d000000| Untracked 
|  59|0x000000070d100000, 0x000000070d100000, 0x000000070d200000|  0%| F|  |TAMS 0x000000070d100000, 0x000000070d100000| Untracked 
|  60|0x000000070d200000, 0x000000070d200000, 0x000000070d300000|  0%| F|  |TAMS 0x000000070d200000, 0x000000070d200000| Untracked 
|  61|0x000000070d300000, 0x000000070d300000, 0x000000070d400000|  0%| F|  |TAMS 0x000000070d300000, 0x000000070d300000| Untracked 
|  62|0x000000070d400000, 0x000000070d400000, 0x000000070d500000|  0%| F|  |TAMS 0x000000070d400000, 0x000000070d400000| Untracked 
|  63|0x000000070d500000, 0x000000070d500000, 0x000000070d600000|  0%| F|  |TAMS 0x000000070d500000, 0x000000070d500000| Untracked 
|  64|0x000000070d600000, 0x000000070d600000, 0x000000070d700000|  0%| F|  |TAMS 0x000000070d600000, 0x000000070d600000| Untracked 
|  65|0x000000070d700000, 0x000000070d700000, 0x000000070d800000|  0%| F|  |TAMS 0x000000070d700000, 0x000000070d700000| Untracked 
|  66|0x000000070d800000, 0x000000070d800000, 0x000000070d900000|  0%| F|  |TAMS 0x000000070d800000, 0x000000070d800000| Untracked 
|  67|0x000000070d900000, 0x000000070d900000, 0x000000070da00000|  0%| F|  |TAMS 0x000000070d900000, 0x000000070d900000| Untracked 
|  68|0x000000070da00000, 0x000000070da00000, 0x000000070db00000|  0%| F|  |TAMS 0x000000070da00000, 0x000000070da00000| Untracked 
|  69|0x000000070db00000, 0x000000070db00000, 0x000000070dc00000|  0%| F|  |TAMS 0x000000070db00000, 0x000000070db00000| Untracked 
|  70|0x000000070dc00000, 0x000000070dc00000, 0x000000070dd00000|  0%| F|  |TAMS 0x000000070dc00000, 0x000000070dc00000| Untracked 
|  71|0x000000070dd00000, 0x000000070dd00000, 0x000000070de00000|  0%| F|  |TAMS 0x000000070dd00000, 0x000000070dd00000| Untracked 
|  72|0x000000070de00000, 0x000000070de00000, 0x000000070df00000|  0%| F|  |TAMS 0x000000070de00000, 0x000000070de00000| Untracked 
|  73|0x000000070df00000, 0x000000070df00000, 0x000000070e000000|  0%| F|  |TAMS 0x000000070df00000, 0x000000070df00000| Untracked 
|  74|0x000000070e000000, 0x000000070e000000, 0x000000070e100000|  0%| F|  |TAMS 0x000000070e000000, 0x000000070e000000| Untracked 
|  75|0x000000070e100000, 0x000000070e100000, 0x000000070e200000|  0%| F|  |TAMS 0x000000070e100000, 0x000000070e100000| Untracked 
|  76|0x000000070e200000, 0x000000070e200000, 0x000000070e300000|  0%| F|  |TAMS 0x000000070e200000, 0x000000070e200000| Untracked 
|  77|0x000000070e300000, 0x000000070e300000, 0x000000070e400000|  0%| F|  |TAMS 0x000000070e300000, 0x000000070e300000| Untracked 
|  78|0x000000070e400000, 0x000000070e400000, 0x000000070e500000|  0%| F|  |TAMS 0x000000070e400000, 0x000000070e400000| Untracked 
|  79|0x000000070e500000, 0x000000070e500000, 0x000000070e600000|  0%| F|  |TAMS 0x000000070e500000, 0x000000070e500000| Untracked 
|  80|0x000000070e600000, 0x000000070e600000, 0x000000070e700000|  0%| F|  |TAMS 0x000000070e600000, 0x000000070e600000| Untracked 
|  81|0x000000070e700000, 0x000000070e700000, 0x000000070e800000|  0%| F|  |TAMS 0x000000070e700000, 0x000000070e700000| Untracked 
|  82|0x000000070e800000, 0x000000070e800000, 0x000000070e900000|  0%| F|  |TAMS 0x000000070e800000, 0x000000070e800000| Untracked 
|  83|0x000000070e900000, 0x000000070e900000, 0x000000070ea00000|  0%| F|  |TAMS 0x000000070e900000, 0x000000070e900000| Untracked 
|  84|0x000000070ea00000, 0x000000070ea00000, 0x000000070eb00000|  0%| F|  |TAMS 0x000000070ea00000, 0x000000070ea00000| Untracked 
|  85|0x000000070eb00000, 0x000000070eb00000, 0x000000070ec00000|  0%| F|  |TAMS 0x000000070eb00000, 0x000000070eb00000| Untracked 
|  86|0x000000070ec00000, 0x000000070ec00000, 0x000000070ed00000|  0%| F|  |TAMS 0x000000070ec00000, 0x000000070ec00000| Untracked 
|  87|0x000000070ed00000, 0x000000070ed00000, 0x000000070ee00000|  0%| F|  |TAMS 0x000000070ed00000, 0x000000070ed00000| Untracked 
|  88|0x000000070ee00000, 0x000000070ee00000, 0x000000070ef00000|  0%| F|  |TAMS 0x000000070ee00000, 0x000000070ee00000| Untracked 
|  89|0x000000070ef00000, 0x000000070ef00000, 0x000000070f000000|  0%| F|  |TAMS 0x000000070ef00000, 0x000000070ef00000| Untracked 
|  90|0x000000070f000000, 0x000000070f000000, 0x000000070f100000|  0%| F|  |TAMS 0x000000070f000000, 0x000000070f000000| Untracked 
|  91|0x000000070f100000, 0x000000070f100000, 0x000000070f200000|  0%| F|  |TAMS 0x000000070f100000, 0x000000070f100000| Untracked 
|  92|0x000000070f200000, 0x000000070f200000, 0x000000070f300000|  0%| F|  |TAMS 0x000000070f200000, 0x000000070f200000| Untracked 
|  93|0x000000070f300000, 0x000000070f300000, 0x000000070f400000|  0%| F|  |TAMS 0x000000070f300000, 0x000000070f300000| Untracked 
|  94|0x000000070f400000, 0x000000070f400000, 0x000000070f500000|  0%| F|  |TAMS 0x000000070f400000, 0x000000070f400000| Untracked 
|  95|0x000000070f500000, 0x000000070f500000, 0x000000070f600000|  0%| F|  |TAMS 0x000000070f500000, 0x000000070f500000| Untracked 
|  96|0x000000070f600000, 0x000000070f600000, 0x000000070f700000|  0%| F|  |TAMS 0x000000070f600000, 0x000000070f600000| Untracked 
|  97|0x000000070f700000, 0x000000070f700000, 0x000000070f800000|  0%| F|  |TAMS 0x000000070f700000, 0x000000070f700000| Untracked 
|  98|0x000000070f800000, 0x000000070f800000, 0x000000070f900000|  0%| F|  |TAMS 0x000000070f800000, 0x000000070f800000| Untracked 
|  99|0x000000070f900000, 0x000000070f900000, 0x000000070fa00000|  0%| F|  |TAMS 0x000000070f900000, 0x000000070f900000| Untracked 
| 100|0x000000070fa00000, 0x000000070fa00000, 0x000000070fb00000|  0%| F|  |TAMS 0x000000070fa00000, 0x000000070fa00000| Untracked 
| 101|0x000000070fb00000, 0x000000070fb00000, 0x000000070fc00000|  0%| F|  |TAMS 0x000000070fb00000, 0x000000070fb00000| Untracked 
| 102|0x000000070fc00000, 0x000000070fc00000, 0x000000070fd00000|  0%| F|  |TAMS 0x000000070fc00000, 0x000000070fc00000| Untracked 
| 103|0x000000070fd00000, 0x000000070fd00000, 0x000000070fe00000|  0%| F|  |TAMS 0x000000070fd00000, 0x000000070fd00000| Untracked 
| 104|0x000000070fe00000, 0x000000070fe00000, 0x000000070ff00000|  0%| F|  |TAMS 0x000000070fe00000, 0x000000070fe00000| Untracked 
| 105|0x000000070ff00000, 0x000000070ff00000, 0x0000000710000000|  0%| F|  |TAMS 0x000000070ff00000, 0x000000070ff00000| Untracked 
| 106|0x0000000710000000, 0x0000000710000000, 0x0000000710100000|  0%| F|  |TAMS 0x0000000710000000, 0x0000000710000000| Untracked 
| 107|0x0000000710100000, 0x0000000710100000, 0x0000000710200000|  0%| F|  |TAMS 0x0000000710100000, 0x0000000710100000| Untracked 
| 108|0x0000000710200000, 0x0000000710200000, 0x0000000710300000|  0%| F|  |TAMS 0x0000000710200000, 0x0000000710200000| Untracked 
| 109|0x0000000710300000, 0x0000000710300000, 0x0000000710400000|  0%| F|  |TAMS 0x0000000710300000, 0x0000000710300000| Untracked 
| 110|0x0000000710400000, 0x0000000710400000, 0x0000000710500000|  0%| F|  |TAMS 0x0000000710400000, 0x0000000710400000| Untracked 
| 111|0x0000000710500000, 0x0000000710500000, 0x0000000710600000|  0%| F|  |TAMS 0x0000000710500000, 0x0000000710500000| Untracked 
| 112|0x0000000710600000, 0x0000000710600000, 0x0000000710700000|  0%| F|  |TAMS 0x0000000710600000, 0x0000000710600000| Untracked 
| 113|0x0000000710700000, 0x0000000710700000, 0x0000000710800000|  0%| F|  |TAMS 0x0000000710700000, 0x0000000710700000| Untracked 
| 114|0x0000000710800000, 0x0000000710800000, 0x0000000710900000|  0%| F|  |TAMS 0x0000000710800000, 0x0000000710800000| Untracked 
| 115|0x0000000710900000, 0x0000000710900000, 0x0000000710a00000|  0%| F|  |TAMS 0x0000000710900000, 0x0000000710900000| Untracked 
| 116|0x0000000710a00000, 0x0000000710a00000, 0x0000000710b00000|  0%| F|  |TAMS 0x0000000710a00000, 0x0000000710a00000| Untracked 
| 117|0x0000000710b00000, 0x0000000710b00000, 0x0000000710c00000|  0%| F|  |TAMS 0x0000000710b00000, 0x0000000710b00000| Untracked 
| 118|0x0000000710c00000, 0x0000000710c00000, 0x0000000710d00000|  0%| F|  |TAMS 0x0000000710c00000, 0x0000000710c00000| Untracked 
| 119|0x0000000710d00000, 0x0000000710d00000, 0x0000000710e00000|  0%| F|  |TAMS 0x0000000710d00000, 0x0000000710d00000| Untracked 
| 120|0x0000000710e00000, 0x0000000710e00000, 0x0000000710f00000|  0%| F|  |TAMS 0x0000000710e00000, 0x0000000710e00000| Untracked 
| 121|0x0000000710f00000, 0x0000000710f00000, 0x0000000711000000|  0%| F|  |TAMS 0x0000000710f00000, 0x0000000710f00000| Untracked 
| 122|0x0000000711000000, 0x0000000711000000, 0x0000000711100000|  0%| F|  |TAMS 0x0000000711000000, 0x0000000711000000| Untracked 
| 123|0x0000000711100000, 0x0000000711100000, 0x0000000711200000|  0%| F|  |TAMS 0x0000000711100000, 0x0000000711100000| Untracked 
| 124|0x0000000711200000, 0x0000000711200000, 0x0000000711300000|  0%| F|  |TAMS 0x0000000711200000, 0x0000000711200000| Untracked 
| 125|0x0000000711300000, 0x0000000711300000, 0x0000000711400000|  0%| F|  |TAMS 0x0000000711300000, 0x0000000711300000| Untracked 
| 126|0x0000000711400000, 0x0000000711400000, 0x0000000711500000|  0%| F|  |TAMS 0x0000000711400000, 0x0000000711400000| Untracked 
| 127|0x0000000711500000, 0x0000000711500000, 0x0000000711600000|  0%| F|  |TAMS 0x0000000711500000, 0x0000000711500000| Untracked 
| 128|0x0000000711600000, 0x0000000711600000, 0x0000000711700000|  0%| F|  |TAMS 0x0000000711600000, 0x0000000711600000| Untracked 
| 129|0x0000000711700000, 0x0000000711700000, 0x0000000711800000|  0%| F|  |TAMS 0x0000000711700000, 0x0000000711700000| Untracked 
| 130|0x0000000711800000, 0x0000000711800000, 0x0000000711900000|  0%| F|  |TAMS 0x0000000711800000, 0x0000000711800000| Untracked 
| 131|0x0000000711900000, 0x0000000711900000, 0x0000000711a00000|  0%| F|  |TAMS 0x0000000711900000, 0x0000000711900000| Untracked 
| 132|0x0000000711a00000, 0x0000000711a00000, 0x0000000711b00000|  0%| F|  |TAMS 0x0000000711a00000, 0x0000000711a00000| Untracked 
| 133|0x0000000711b00000, 0x0000000711b00000, 0x0000000711c00000|  0%| F|  |TAMS 0x0000000711b00000, 0x0000000711b00000| Untracked 
| 134|0x0000000711c00000, 0x0000000711c00000, 0x0000000711d00000|  0%| F|  |TAMS 0x0000000711c00000, 0x0000000711c00000| Untracked 
| 135|0x0000000711d00000, 0x0000000711d00000, 0x0000000711e00000|  0%| F|  |TAMS 0x0000000711d00000, 0x0000000711d00000| Untracked 
| 136|0x0000000711e00000, 0x0000000711e00000, 0x0000000711f00000|  0%| F|  |TAMS 0x0000000711e00000, 0x0000000711e00000| Untracked 
| 137|0x0000000711f00000, 0x0000000711f00000, 0x0000000712000000|  0%| F|  |TAMS 0x0000000711f00000, 0x0000000711f00000| Untracked 
| 138|0x0000000712000000, 0x0000000712000000, 0x0000000712100000|  0%| F|  |TAMS 0x0000000712000000, 0x0000000712000000| Untracked 
| 139|0x0000000712100000, 0x0000000712100000, 0x0000000712200000|  0%| F|  |TAMS 0x0000000712100000, 0x0000000712100000| Untracked 
| 140|0x0000000712200000, 0x0000000712200000, 0x0000000712300000|  0%| F|  |TAMS 0x0000000712200000, 0x0000000712200000| Untracked 
| 141|0x0000000712300000, 0x0000000712300000, 0x0000000712400000|  0%| F|  |TAMS 0x0000000712300000, 0x0000000712300000| Untracked 
| 142|0x0000000712400000, 0x0000000712400000, 0x0000000712500000|  0%| F|  |TAMS 0x0000000712400000, 0x0000000712400000| Untracked 
| 143|0x0000000712500000, 0x0000000712500000, 0x0000000712600000|  0%| F|  |TAMS 0x0000000712500000, 0x0000000712500000| Untracked 
| 144|0x0000000712600000, 0x0000000712600000, 0x0000000712700000|  0%| F|  |TAMS 0x0000000712600000, 0x0000000712600000| Untracked 
| 145|0x0000000712700000, 0x0000000712700000, 0x0000000712800000|  0%| F|  |TAMS 0x0000000712700000, 0x0000000712700000| Untracked 
| 146|0x0000000712800000, 0x0000000712800000, 0x0000000712900000|  0%| F|  |TAMS 0x0000000712800000, 0x0000000712800000| Untracked 
| 147|0x0000000712900000, 0x0000000712900000, 0x0000000712a00000|  0%| F|  |TAMS 0x0000000712900000, 0x0000000712900000| Untracked 
| 148|0x0000000712a00000, 0x0000000712a00000, 0x0000000712b00000|  0%| F|  |TAMS 0x0000000712a00000, 0x0000000712a00000| Untracked 
| 149|0x0000000712b00000, 0x0000000712b00000, 0x0000000712c00000|  0%| F|  |TAMS 0x0000000712b00000, 0x0000000712b00000| Untracked 
| 150|0x0000000712c00000, 0x0000000712c00000, 0x0000000712d00000|  0%| F|  |TAMS 0x0000000712c00000, 0x0000000712c00000| Untracked 
| 151|0x0000000712d00000, 0x0000000712d00000, 0x0000000712e00000|  0%| F|  |TAMS 0x0000000712d00000, 0x0000000712d00000| Untracked 
| 152|0x0000000712e00000, 0x0000000712e00000, 0x0000000712f00000|  0%| F|  |TAMS 0x0000000712e00000, 0x0000000712e00000| Untracked 
| 153|0x0000000712f00000, 0x0000000712f00000, 0x0000000713000000|  0%| F|  |TAMS 0x0000000712f00000, 0x0000000712f00000| Untracked 
| 154|0x0000000713000000, 0x0000000713000000, 0x0000000713100000|  0%| F|  |TAMS 0x0000000713000000, 0x0000000713000000| Untracked 
| 155|0x0000000713100000, 0x0000000713100000, 0x0000000713200000|  0%| F|  |TAMS 0x0000000713100000, 0x0000000713100000| Untracked 
| 156|0x0000000713200000, 0x0000000713200000, 0x0000000713300000|  0%| F|  |TAMS 0x0000000713200000, 0x0000000713200000| Untracked 
| 157|0x0000000713300000, 0x0000000713300000, 0x0000000713400000|  0%| F|  |TAMS 0x0000000713300000, 0x0000000713300000| Untracked 
| 158|0x0000000713400000, 0x0000000713400000, 0x0000000713500000|  0%| F|  |TAMS 0x0000000713400000, 0x0000000713400000| Untracked 
| 159|0x0000000713500000, 0x0000000713500000, 0x0000000713600000|  0%| F|  |TAMS 0x0000000713500000, 0x0000000713500000| Untracked 
| 160|0x0000000713600000, 0x0000000713600000, 0x0000000713700000|  0%| F|  |TAMS 0x0000000713600000, 0x0000000713600000| Untracked 
| 161|0x0000000713700000, 0x0000000713700000, 0x0000000713800000|  0%| F|  |TAMS 0x0000000713700000, 0x0000000713700000| Untracked 
| 162|0x0000000713800000, 0x0000000713800000, 0x0000000713900000|  0%| F|  |TAMS 0x0000000713800000, 0x0000000713800000| Untracked 
| 163|0x0000000713900000, 0x0000000713900000, 0x0000000713a00000|  0%| F|  |TAMS 0x0000000713900000, 0x0000000713900000| Untracked 
| 164|0x0000000713a00000, 0x0000000713a00000, 0x0000000713b00000|  0%| F|  |TAMS 0x0000000713a00000, 0x0000000713a00000| Untracked 
| 165|0x0000000713b00000, 0x0000000713b00000, 0x0000000713c00000|  0%| F|  |TAMS 0x0000000713b00000, 0x0000000713b00000| Untracked 
| 166|0x0000000713c00000, 0x0000000713c00000, 0x0000000713d00000|  0%| F|  |TAMS 0x0000000713c00000, 0x0000000713c00000| Untracked 
| 167|0x0000000713d00000, 0x0000000713d00000, 0x0000000713e00000|  0%| F|  |TAMS 0x0000000713d00000, 0x0000000713d00000| Untracked 
| 168|0x0000000713e00000, 0x0000000713e00000, 0x0000000713f00000|  0%| F|  |TAMS 0x0000000713e00000, 0x0000000713e00000| Untracked 
| 169|0x0000000713f00000, 0x0000000713f00000, 0x0000000714000000|  0%| F|  |TAMS 0x0000000713f00000, 0x0000000713f00000| Untracked 
| 170|0x0000000714000000, 0x0000000714000000, 0x0000000714100000|  0%| F|  |TAMS 0x0000000714000000, 0x0000000714000000| Untracked 
| 171|0x0000000714100000, 0x0000000714100000, 0x0000000714200000|  0%| F|  |TAMS 0x0000000714100000, 0x0000000714100000| Untracked 
| 172|0x0000000714200000, 0x0000000714200000, 0x0000000714300000|  0%| F|  |TAMS 0x0000000714200000, 0x0000000714200000| Untracked 
| 173|0x0000000714300000, 0x0000000714300000, 0x0000000714400000|  0%| F|  |TAMS 0x0000000714300000, 0x0000000714300000| Untracked 
| 174|0x0000000714400000, 0x0000000714400000, 0x0000000714500000|  0%| F|  |TAMS 0x0000000714400000, 0x0000000714400000| Untracked 
| 175|0x0000000714500000, 0x0000000714500000, 0x0000000714600000|  0%| F|  |TAMS 0x0000000714500000, 0x0000000714500000| Untracked 
| 176|0x0000000714600000, 0x0000000714600000, 0x0000000714700000|  0%| F|  |TAMS 0x0000000714600000, 0x0000000714600000| Untracked 
| 177|0x0000000714700000, 0x0000000714700000, 0x0000000714800000|  0%| F|  |TAMS 0x0000000714700000, 0x0000000714700000| Untracked 
| 178|0x0000000714800000, 0x0000000714800000, 0x0000000714900000|  0%| F|  |TAMS 0x0000000714800000, 0x0000000714800000| Untracked 
| 179|0x0000000714900000, 0x0000000714900000, 0x0000000714a00000|  0%| F|  |TAMS 0x0000000714900000, 0x0000000714900000| Untracked 
| 180|0x0000000714a00000, 0x0000000714a00000, 0x0000000714b00000|  0%| F|  |TAMS 0x0000000714a00000, 0x0000000714a00000| Untracked 
| 181|0x0000000714b00000, 0x0000000714b00000, 0x0000000714c00000|  0%| F|  |TAMS 0x0000000714b00000, 0x0000000714b00000| Untracked 
| 182|0x0000000714c00000, 0x0000000714c00000, 0x0000000714d00000|  0%| F|  |TAMS 0x0000000714c00000, 0x0000000714c00000| Untracked 
| 183|0x0000000714d00000, 0x0000000714d00000, 0x0000000714e00000|  0%| F|  |TAMS 0x0000000714d00000, 0x0000000714d00000| Untracked 
| 184|0x0000000714e00000, 0x0000000714e00000, 0x0000000714f00000|  0%| F|  |TAMS 0x0000000714e00000, 0x0000000714e00000| Untracked 
| 185|0x0000000714f00000, 0x0000000714f00000, 0x0000000715000000|  0%| F|  |TAMS 0x0000000714f00000, 0x0000000714f00000| Untracked 
| 186|0x0000000715000000, 0x0000000715000000, 0x0000000715100000|  0%| F|  |TAMS 0x0000000715000000, 0x0000000715000000| Untracked 
| 187|0x0000000715100000, 0x0000000715100000, 0x0000000715200000|  0%| F|  |TAMS 0x0000000715100000, 0x0000000715100000| Untracked 
| 188|0x0000000715200000, 0x0000000715200000, 0x0000000715300000|  0%| F|  |TAMS 0x0000000715200000, 0x0000000715200000| Untracked 
| 189|0x0000000715300000, 0x0000000715300000, 0x0000000715400000|  0%| F|  |TAMS 0x0000000715300000, 0x0000000715300000| Untracked 
| 190|0x0000000715400000, 0x0000000715400000, 0x0000000715500000|  0%| F|  |TAMS 0x0000000715400000, 0x0000000715400000| Untracked 
| 191|0x0000000715500000, 0x0000000715500000, 0x0000000715600000|  0%| F|  |TAMS 0x0000000715500000, 0x0000000715500000| Untracked 
| 192|0x0000000715600000, 0x0000000715600000, 0x0000000715700000|  0%| F|  |TAMS 0x0000000715600000, 0x0000000715600000| Untracked 
| 193|0x0000000715700000, 0x0000000715700000, 0x0000000715800000|  0%| F|  |TAMS 0x0000000715700000, 0x0000000715700000| Untracked 
| 194|0x0000000715800000, 0x0000000715800000, 0x0000000715900000|  0%| F|  |TAMS 0x0000000715800000, 0x0000000715800000| Untracked 
| 195|0x0000000715900000, 0x0000000715900000, 0x0000000715a00000|  0%| F|  |TAMS 0x0000000715900000, 0x0000000715900000| Untracked 
| 196|0x0000000715a00000, 0x0000000715a00000, 0x0000000715b00000|  0%| F|  |TAMS 0x0000000715a00000, 0x0000000715a00000| Untracked 
| 197|0x0000000715b00000, 0x0000000715b00000, 0x0000000715c00000|  0%| F|  |TAMS 0x0000000715b00000, 0x0000000715b00000| Untracked 
| 198|0x0000000715c00000, 0x0000000715c00000, 0x0000000715d00000|  0%| F|  |TAMS 0x0000000715c00000, 0x0000000715c00000| Untracked 
| 199|0x0000000715d00000, 0x0000000715d00000, 0x0000000715e00000|  0%| F|  |TAMS 0x0000000715d00000, 0x0000000715d00000| Untracked 
| 200|0x0000000715e00000, 0x0000000715e00000, 0x0000000715f00000|  0%| F|  |TAMS 0x0000000715e00000, 0x0000000715e00000| Untracked 
| 201|0x0000000715f00000, 0x0000000715f00000, 0x0000000716000000|  0%| F|  |TAMS 0x0000000715f00000, 0x0000000715f00000| Untracked 
| 202|0x0000000716000000, 0x0000000716000000, 0x0000000716100000|  0%| F|  |TAMS 0x0000000716000000, 0x0000000716000000| Untracked 
| 203|0x0000000716100000, 0x0000000716100000, 0x0000000716200000|  0%| F|  |TAMS 0x0000000716100000, 0x0000000716100000| Untracked 
| 204|0x0000000716200000, 0x0000000716200000, 0x0000000716300000|  0%| F|  |TAMS 0x0000000716200000, 0x0000000716200000| Untracked 
| 205|0x0000000716300000, 0x0000000716300000, 0x0000000716400000|  0%| F|  |TAMS 0x0000000716300000, 0x0000000716300000| Untracked 
| 206|0x0000000716400000, 0x0000000716400000, 0x0000000716500000|  0%| F|  |TAMS 0x0000000716400000, 0x0000000716400000| Untracked 
| 207|0x0000000716500000, 0x0000000716500000, 0x0000000716600000|  0%| F|  |TAMS 0x0000000716500000, 0x0000000716500000| Untracked 
| 208|0x0000000716600000, 0x0000000716600000, 0x0000000716700000|  0%| F|  |TAMS 0x0000000716600000, 0x0000000716600000| Untracked 
| 209|0x0000000716700000, 0x0000000716700000, 0x0000000716800000|  0%| F|  |TAMS 0x0000000716700000, 0x0000000716700000| Untracked 
| 210|0x0000000716800000, 0x0000000716800000, 0x0000000716900000|  0%| F|  |TAMS 0x0000000716800000, 0x0000000716800000| Untracked 
| 211|0x0000000716900000, 0x0000000716900000, 0x0000000716a00000|  0%| F|  |TAMS 0x0000000716900000, 0x0000000716900000| Untracked 
| 212|0x0000000716a00000, 0x0000000716a00000, 0x0000000716b00000|  0%| F|  |TAMS 0x0000000716a00000, 0x0000000716a00000| Untracked 
| 213|0x0000000716b00000, 0x0000000716b00000, 0x0000000716c00000|  0%| F|  |TAMS 0x0000000716b00000, 0x0000000716b00000| Untracked 
| 214|0x0000000716c00000, 0x0000000716c00000, 0x0000000716d00000|  0%| F|  |TAMS 0x0000000716c00000, 0x0000000716c00000| Untracked 
| 215|0x0000000716d00000, 0x0000000716d00000, 0x0000000716e00000|  0%| F|  |TAMS 0x0000000716d00000, 0x0000000716d00000| Untracked 
| 216|0x0000000716e00000, 0x0000000716e00000, 0x0000000716f00000|  0%| F|  |TAMS 0x0000000716e00000, 0x0000000716e00000| Untracked 
| 217|0x0000000716f00000, 0x0000000716f00000, 0x0000000717000000|  0%| F|  |TAMS 0x0000000716f00000, 0x0000000716f00000| Untracked 
| 218|0x0000000717000000, 0x0000000717000000, 0x0000000717100000|  0%| F|  |TAMS 0x0000000717000000, 0x0000000717000000| Untracked 
| 219|0x0000000717100000, 0x0000000717100000, 0x0000000717200000|  0%| F|  |TAMS 0x0000000717100000, 0x0000000717100000| Untracked 
| 220|0x0000000717200000, 0x0000000717200000, 0x0000000717300000|  0%| F|  |TAMS 0x0000000717200000, 0x0000000717200000| Untracked 
| 221|0x0000000717300000, 0x0000000717300000, 0x0000000717400000|  0%| F|  |TAMS 0x0000000717300000, 0x0000000717300000| Untracked 
| 222|0x0000000717400000, 0x0000000717400000, 0x0000000717500000|  0%| F|  |TAMS 0x0000000717400000, 0x0000000717400000| Untracked 
| 223|0x0000000717500000, 0x0000000717500000, 0x0000000717600000|  0%| F|  |TAMS 0x0000000717500000, 0x0000000717500000| Untracked 
| 224|0x0000000717600000, 0x0000000717600000, 0x0000000717700000|  0%| F|  |TAMS 0x0000000717600000, 0x0000000717600000| Untracked 
| 225|0x0000000717700000, 0x0000000717700000, 0x0000000717800000|  0%| F|  |TAMS 0x0000000717700000, 0x0000000717700000| Untracked 
| 226|0x0000000717800000, 0x0000000717800000, 0x0000000717900000|  0%| F|  |TAMS 0x0000000717800000, 0x0000000717800000| Untracked 
| 227|0x0000000717900000, 0x0000000717900000, 0x0000000717a00000|  0%| F|  |TAMS 0x0000000717900000, 0x0000000717900000| Untracked 
| 228|0x0000000717a00000, 0x0000000717a00000, 0x0000000717b00000|  0%| F|  |TAMS 0x0000000717a00000, 0x0000000717a00000| Untracked 
| 229|0x0000000717b00000, 0x0000000717b00000, 0x0000000717c00000|  0%| F|  |TAMS 0x0000000717b00000, 0x0000000717b00000| Untracked 
| 230|0x0000000717c00000, 0x0000000717c00000, 0x0000000717d00000|  0%| F|  |TAMS 0x0000000717c00000, 0x0000000717c00000| Untracked 
| 231|0x0000000717d00000, 0x0000000717d7aec0, 0x0000000717e00000| 48%| S|CS|TAMS 0x0000000717d00000, 0x0000000717d00000| Complete 
| 232|0x0000000717e00000, 0x0000000717f00000, 0x0000000717f00000|100%| S|CS|TAMS 0x0000000717e00000, 0x0000000717e00000| Complete 
| 233|0x0000000717f00000, 0x0000000718000000, 0x0000000718000000|100%| S|CS|TAMS 0x0000000717f00000, 0x0000000717f00000| Complete 
| 234|0x0000000718000000, 0x0000000718100000, 0x0000000718100000|100%| S|CS|TAMS 0x0000000718000000, 0x0000000718000000| Complete 
| 235|0x0000000718100000, 0x0000000718200000, 0x0000000718200000|100%| S|CS|TAMS 0x0000000718100000, 0x0000000718100000| Complete 
| 236|0x0000000718200000, 0x0000000718200000, 0x0000000718300000|  0%| F|  |TAMS 0x0000000718200000, 0x0000000718200000| Untracked 
| 237|0x0000000718300000, 0x0000000718300000, 0x0000000718400000|  0%| F|  |TAMS 0x0000000718300000, 0x0000000718300000| Untracked 
| 238|0x0000000718400000, 0x0000000718400000, 0x0000000718500000|  0%| F|  |TAMS 0x0000000718400000, 0x0000000718400000| Untracked 
| 239|0x0000000718500000, 0x0000000718500000, 0x0000000718600000|  0%| F|  |TAMS 0x0000000718500000, 0x0000000718500000| Untracked 
| 240|0x0000000718600000, 0x0000000718600000, 0x0000000718700000|  0%| F|  |TAMS 0x0000000718600000, 0x0000000718600000| Untracked 
| 241|0x0000000718700000, 0x0000000718700000, 0x0000000718800000|  0%| F|  |TAMS 0x0000000718700000, 0x0000000718700000| Untracked 
| 242|0x0000000718800000, 0x0000000718800000, 0x0000000718900000|  0%| F|  |TAMS 0x0000000718800000, 0x0000000718800000| Untracked 
| 243|0x0000000718900000, 0x0000000718900000, 0x0000000718a00000|  0%| F|  |TAMS 0x0000000718900000, 0x0000000718900000| Untracked 
| 244|0x0000000718a00000, 0x0000000718a00000, 0x0000000718b00000|  0%| F|  |TAMS 0x0000000718a00000, 0x0000000718a00000| Untracked 
| 245|0x0000000718b00000, 0x0000000718c00000, 0x0000000718c00000|100%| E|  |TAMS 0x0000000718b00000, 0x0000000718b00000| Complete 
| 246|0x0000000718c00000, 0x0000000718d00000, 0x0000000718d00000|100%| E|CS|TAMS 0x0000000718c00000, 0x0000000718c00000| Complete 
| 247|0x0000000718d00000, 0x0000000718e00000, 0x0000000718e00000|100%| E|CS|TAMS 0x0000000718d00000, 0x0000000718d00000| Complete 

Card table byte_map: [0x00000151df100000,0x00000151df8c0000] _byte_map_base: 0x00000151db8b5000

Marking Bits (Prev, Next): (CMBitMap*) 0x00000151c5b373e0, (CMBitMap*) 0x00000151c5b373a8
 Prev Bits: [0x00000151e3e30000, 0x00000151e7bd8000)
 Next Bits: [0x00000151e0080000, 0x00000151e3e28000)

Polling page: 0x00000151c5bb0000

Metaspace:

Usage:
  Non-class:     18.88 MB capacity,    18.66 MB ( 99%) used,   182.87 KB ( <1%) free+waste,    49.19 KB ( <1%) overhead. 
      Class:      2.12 MB capacity,     1.91 MB ( 90%) used,   185.52 KB (  9%) free+waste,    25.19 KB (  1%) overhead. 
       Both:     21.00 MB capacity,    20.57 MB ( 98%) used,   368.38 KB (  2%) free+waste,    74.38 KB ( <1%) overhead. 

Virtual space:
  Non-class space:       20.00 MB reserved,      19.17 MB ( 96%) committed 
      Class space:        1.00 GB reserved,       2.13 MB ( <1%) committed 
             Both:        1.02 GB reserved,      21.30 MB (  2%) committed 

Chunk freelists:
   Non-Class:  6.88 KB
       Class:  768 bytes
        Both:  7.63 KB

CodeHeap 'non-profiled nmethods': size=119168Kb used=449Kb max_used=449Kb free=118718Kb
 bounds [0x00000151d6520000, 0x00000151d6790000, 0x00000151dd980000]
CodeHeap 'profiled nmethods': size=119168Kb used=2775Kb max_used=2775Kb free=116392Kb
 bounds [0x00000151cf0c0000, 0x00000151cf380000, 0x00000151d6520000]
CodeHeap 'non-nmethods': size=7424Kb used=3145Kb max_used=3157Kb free=4278Kb
 bounds [0x00000151ce980000, 0x00000151ceca0000, 0x00000151cf0c0000]
 total_blobs=2405 nmethods=1461 adapters=853
 compilation: enabled
              stopped_count=0, restarted_count=0
 full_count=0

Compilation events (10 events):
Event: 1.617 Thread 0x00000151f19bc000 1456       3       java.lang.Math::toRadians (6 bytes)
Event: 1.618 Thread 0x00000151eb63d000 1457       3       java.lang.Math::asin (5 bytes)
Event: 1.618 Thread 0x00000151f19bc000 nmethod 1456 0x00000151cf375110 code [0x00000151cf3752c0, 0x00000151cf375398]
Event: 1.618 Thread 0x00000151eb63d000 nmethod 1457 0x00000151cf375410 code [0x00000151cf3755a0, 0x00000151cf3756a8]
Event: 1.618 Thread 0x00000151eb5c0800 1459       3       org.joml.Vector3f::set (17 bytes)
Event: 1.618 Thread 0x00000151ec227800 1460       3       org.joml.Vector2f::set (12 bytes)
Event: 1.618 Thread 0x00000151eb5c0800 nmethod 1459 0x00000151cf375790 code [0x00000151cf375920, 0x00000151cf375a38]
Event: 1.619 Thread 0x00000151ec227800 nmethod 1460 0x00000151cf375b10 code [0x00000151cf375ca0, 0x00000151cf375db8]
Event: 1.619 Thread 0x00000151eb639800 1461       4       java.lang.Math::toRadians (6 bytes)
Event: 1.619 Thread 0x00000151eb639800 nmethod 1461 0x00000151d6590310 code [0x00000151d65904a0, 0x00000151d65904f8]

GC Heap History (4 events):
Event: 1.175 GC heap before
{Heap before GC invocations=0 (full 0):
 garbage-first heap   total 253952K, used 24576K [0x0000000709600000, 0x0000000800000000)
  region size 1024K, 24 young (24576K), 0 survivors (0K)
 Metaspace       used 17620K, capacity 17962K, committed 18432K, reserved 1067008K
  class space    used 1528K, capacity 1689K, committed 1792K, reserved 1048576K
}
Event: 1.180 GC heap after
{Heap after GC invocations=1 (full 0):
 garbage-first heap   total 253952K, used 3043K [0x0000000709600000, 0x0000000800000000)
  region size 1024K, 3 young (3072K), 3 survivors (3072K)
 Metaspace       used 17620K, capacity 17962K, committed 18432K, reserved 1067008K
  class space    used 1528K, capacity 1689K, committed 1792K, reserved 1048576K
}
Event: 1.484 GC heap before
{Heap before GC invocations=1 (full 0):
 garbage-first heap   total 253952K, used 14307K [0x0000000709600000, 0x0000000800000000)
  region size 1024K, 15 young (15360K), 3 survivors (3072K)
 Metaspace       used 20729K, capacity 21139K, committed 21296K, reserved 1069056K
  class space    used 1926K, capacity 2133K, committed 2176K, reserved 1048576K
}
Event: 1.488 GC heap after
{Heap after GC invocations=2 (full 0):
 garbage-first heap   total 253952K, used 4587K [0x0000000709600000, 0x0000000800000000)
  region size 1024K, 5 young (5120K), 5 survivors (5120K)
 Metaspace       used 20729K, capacity 21139K, committed 21296K, reserved 1069056K
  class space    used 1926K, capacity 2133K, committed 2176K, reserved 1048576K
}

Deoptimization events (10 events):
Event: 0.074 Thread 0x00000151c587a000 Uncommon trap: reason=unstable_if action=reinterpret pc=0x00000151d6524988 method=java.lang.String.hashCode()I @ 14 c2
Event: 0.381 Thread 0x00000151c587a000 Uncommon trap: reason=unstable_if action=reinterpret pc=0x00000151d654fc18 method=jdk.internal.org.objectweb.asm.Frame.execute(IILjdk/internal/org/objectweb/asm/ClassWriter;Ljdk/internal/org/objectweb/asm/Item;)V @ 1 c2
Event: 0.382 Thread 0x00000151c587a000 Uncommon trap: reason=unstable_if action=reinterpret pc=0x00000151d6544a90 method=jdk.internal.org.objectweb.asm.Type.getArgumentsAndReturnSizes(Ljava/lang/String;)I @ 88 c2
Event: 0.392 Thread 0x00000151c587a000 Uncommon trap: reason=unstable_if action=reinterpret pc=0x00000151d655a60c method=java.lang.AbstractStringBuilder.append(Ljava/lang/String;)Ljava/lang/AbstractStringBuilder; @ 1 c2
Event: 1.357 Thread 0x00000151c587a000 Uncommon trap: reason=unstable_if action=reinterpret pc=0x00000151d656ce8c method=java.lang.StringUTF16.compress([CI[BII)I @ 20 c2
Event: 1.378 Thread 0x00000151c587a000 Uncommon trap: reason=unstable_if action=reinterpret pc=0x00000151d657cd24 method=java.lang.reflect.AccessibleObject.checkCanSetAccessible(Ljava/lang/Class;Ljava/lang/Class;Z)Z @ 30 c2
Event: 1.497 Thread 0x00000151f155f800 Uncommon trap: reason=unstable_if action=reinterpret pc=0x00000151d656da44 method=java.lang.AbstractStringBuilder.putStringAt(ILjava/lang/String;)V @ 8 c2
Event: 1.497 Thread 0x00000151f155f800 Uncommon trap: reason=unstable_if action=reinterpret pc=0x00000151d6559aa8 method=java.lang.AbstractStringBuilder.putStringAt(ILjava/lang/String;)V @ 8 c2
Event: 1.497 Thread 0x00000151f155f800 Uncommon trap: reason=unstable_if action=reinterpret pc=0x00000151d6557470 method=java.lang.String.getBytes([BIB)V @ 5 c2
Event: 1.497 Thread 0x00000151f155f800 Uncommon trap: reason=unstable_if action=reinterpret pc=0x00000151d6570934 method=java.lang.AbstractStringBuilder.isLatin1()Z @ 10 c2

Classes redefined (0 events):
No events

Internal exceptions (10 events):
Event: 0.643 Thread 0x00000151c587a000 Exception <a 'java/lang/NoSuchMethodError'{0x0000000718262818}: java.lang.invoke.DirectMethodHandle$Holder.invokeStaticInit(Ljava/lang/Object;Ljava/lang/Object;JLjava/lang/Object;)Ljava/lang/Object;> (0x0000000718262818) thrown at [./open/src/hotspot/shar
Event: 0.644 Thread 0x00000151c587a000 Exception <a 'java/lang/NoSuchMethodError'{0x00000007182686c0}: java.lang.invoke.DirectMethodHandle$Holder.invokeStatic(Ljava/lang/Object;Ljava/lang/Object;J)Ljava/lang/Object;> (0x00000007182686c0) thrown at [./open/src/hotspot/share/interpreter/linkReso
Event: 0.644 Thread 0x00000151c587a000 Exception <a 'java/lang/NoSuchMethodError'{0x000000071826e990}: java.lang.invoke.Invokers$Holder.linkToTargetMethod(Ljava/lang/Object;JLjava/lang/Object;)Ljava/lang/Object;> (0x000000071826e990) thrown at [./open/src/hotspot/share/interpreter/linkResolver
Event: 1.336 Thread 0x00000151ebd6b800 Exception <a 'java/lang/NoSuchMethodError'{0x000000071878a320}: java.lang.invoke.DirectMethodHandle$Holder.invokeVirtual(Ljava/lang/Object;Ljava/lang/Object;)V> (0x000000071878a320) thrown at [./open/src/hotspot/share/interpreter/linkResolver.cpp, line 77
Event: 1.345 Thread 0x00000151c587a000 Exception <a 'java/lang/NoSuchMethodError'{0x0000000718729a30}: java.lang.invoke.DirectMethodHandle$Holder.invokeStaticInit(Ljava/lang/Object;)V> (0x0000000718729a30) thrown at [./open/src/hotspot/share/interpreter/linkResolver.cpp, line 772]
Event: 1.369 Thread 0x00000151c587a000 Exception <a 'java/lang/NoSuchMethodError'{0x000000071856fdd0}: java.lang.invoke.DirectMethodHandle$Holder.invokeStatic(Ljava/lang/Object;Ljava/lang/Object;Ljava/lang/Object;Ljava/lang/Object;Ljava/lang/Object;Ljava/lang/Object;Ljava/lang/Object;Ljava/lan
Event: 1.370 Thread 0x00000151c587a000 Exception <a 'java/lang/NoSuchMethodError'{0x000000071840dc78}: java.lang.invoke.DirectMethodHandle$Holder.invokeStatic(Ljava/lang/Object;Ljava/lang/Object;Ljava/lang/Object;Ljava/lang/Object;Ljava/lang/Object;Ljava/lang/Object;Ljava/lang/Object;Ljava/lan
Event: 1.371 Thread 0x00000151c587a000 Exception <a 'java/lang/NoSuchMethodError'{0x000000071842cc08}: java.lang.invoke.DirectMethodHandle$Holder.invokeStatic(Ljava/lang/Object;Ljava/lang/Object;Ljava/lang/Object;Ljava/lang/Object;Ljava/lang/Object;Ljava/lang/Object;Ljava/lang/Object;Ljava/lan
Event: 1.371 Thread 0x00000151c587a000 Exception <a 'java/lang/NoSuchMethodError'{0x0000000718438c60}: java.lang.invoke.Invokers$Holder.linkToTargetMethod(Ljava/lang/Object;ILjava/lang/Object;)Ljava/lang/Object;> (0x0000000718438c60) thrown at [./open/src/hotspot/share/interpreter/linkResolver
Event: 1.378 Thread 0x00000151c587a000 Exception <a 'java/lang/reflect/InvocationTargetException'{0x000000071844ac40}> (0x000000071844ac40) thrown at [./open/src/hotspot/share/runtime/reflection.cpp, line 1242]

Events (10 events):
Event: 1.614 loading class org/joml/Vector2f
Event: 1.614 loading class org/joml/Vector2f done
Event: 1.614 Executing VM operation: RevokeBias
Event: 1.614 Executing VM operation: RevokeBias done
Event: 1.614 Executing VM operation: RevokeBias
Event: 1.614 Executing VM operation: RevokeBias done
Event: 1.614 Executing VM operation: RevokeBias
Event: 1.614 Executing VM operation: RevokeBias done
Event: 1.615 loading class org/joml/Vector2fc
Event: 1.615 loading class org/joml/Vector2fc done


Dynamic libraries:
0x00007ff654ac0000 - 0x00007ff654acf000 	C:\Program Files\Java\jdk-11.0.16.1\bin\java.exe
0x00007ff9bcc50000 - 0x00007ff9bce64000 	C:\WINDOWS\SYSTEM32\ntdll.dll
0x00007ff9bc190000 - 0x00007ff9bc253000 	C:\WINDOWS\System32\KERNEL32.DLL
0x00007ff9ba090000 - 0x00007ff9ba42c000 	C:\WINDOWS\System32\KERNELBASE.dll
0x00007ff9ba500000 - 0x00007ff9ba611000 	C:\WINDOWS\System32\ucrtbase.dll
0x00007ff99e480000 - 0x00007ff99e495000 	C:\Program Files\Java\jdk-11.0.16.1\bin\VCRUNTIME140.dll
0x00007ff99e4a0000 - 0x00007ff99e4b8000 	C:\Program Files\Java\jdk-11.0.16.1\bin\jli.dll
0x00007ff9bbd40000 - 0x00007ff9bbdee000 	C:\WINDOWS\System32\ADVAPI32.dll
0x00007ff9bad00000 - 0x00007ff9bada7000 	C:\WINDOWS\System32\msvcrt.dll
0x00007ff9bc260000 - 0x00007ff9bc304000 	C:\WINDOWS\System32\sechost.dll
0x00007ff9bc010000 - 0x00007ff9bc125000 	C:\WINDOWS\System32\RPCRT4.dll
0x00007ff9bb600000 - 0x00007ff9bb7ad000 	C:\WINDOWS\System32\USER32.dll
0x00007ff9ba4d0000 - 0x00007ff9ba4f6000 	C:\WINDOWS\System32\win32u.dll
0x00007ff9bc310000 - 0x00007ff9bc339000 	C:\WINDOWS\System32\GDI32.dll
0x00007ff9a1860000 - 0x00007ff9a1aee000 	C:\WINDOWS\WinSxS\amd64_microsoft.windows.common-controls_6595b64144ccf1df_6.0.22621.608_none_a9444ca7c10bb01d\COMCTL32.dll
0x00007ff9ba690000 - 0x00007ff9ba7a2000 	C:\WINDOWS\System32\gdi32full.dll
0x00007ff9ba430000 - 0x00007ff9ba4ca000 	C:\WINDOWS\System32\msvcp_win.dll
0x00007ff9b2860000 - 0x00007ff9b286a000 	C:\WINDOWS\SYSTEM32\VERSION.dll
0x00007ff9bc6f0000 - 0x00007ff9bc722000 	C:\WINDOWS\System32\IMM32.DLL
0x00007ff9808b0000 - 0x00007ff98094b000 	C:\Program Files\Java\jdk-11.0.16.1\bin\msvcp140.dll
0x00007ff8a3cc0000 - 0x00007ff8a47d8000 	C:\Program Files\Java\jdk-11.0.16.1\bin\server\jvm.dll
0x00007ff9bc580000 - 0x00007ff9bc588000 	C:\WINDOWS\System32\PSAPI.DLL
0x00007ff9b7970000 - 0x00007ff9b79a4000 	C:\WINDOWS\SYSTEM32\WINMM.dll
0x00007ff9998e0000 - 0x00007ff9998e9000 	C:\WINDOWS\SYSTEM32\WSOCK32.dll
0x00007ff9bc590000 - 0x00007ff9bc601000 	C:\WINDOWS\System32\WS2_32.dll
0x00007ff9b90e0000 - 0x00007ff9b90f8000 	C:\WINDOWS\SYSTEM32\kernel.appcore.dll
0x00007ff99e470000 - 0x00007ff99e480000 	C:\Program Files\Java\jdk-11.0.16.1\bin\verify.dll
0x00007ff9b7700000 - 0x00007ff9b792e000 	C:\WINDOWS\SYSTEM32\DBGHELP.DLL
0x00007ff9bb7d0000 - 0x00007ff9bbb5a000 	C:\WINDOWS\System32\combase.dll
0x00007ff9bc610000 - 0x00007ff9bc6e7000 	C:\WINDOWS\System32\OLEAUT32.dll
0x00007ff9b7930000 - 0x00007ff9b7962000 	C:\WINDOWS\SYSTEM32\dbgcore.DLL
0x00007ff9ba9e0000 - 0x00007ff9baa5b000 	C:\WINDOWS\System32\bcryptPrimitives.dll
0x00007ff980880000 - 0x00007ff9808a8000 	C:\Program Files\Java\jdk-11.0.16.1\bin\java.dll
0x00007ff99e460000 - 0x00007ff99e46a000 	C:\Program Files\Java\jdk-11.0.16.1\bin\jimage.dll
0x00007ff980860000 - 0x00007ff980876000 	C:\Program Files\Java\jdk-11.0.16.1\bin\zip.dll
0x00007ff9bae10000 - 0x00007ff9bb5ff000 	C:\WINDOWS\System32\SHELL32.dll
0x00007ff9b80b0000 - 0x00007ff9b8978000 	C:\WINDOWS\SYSTEM32\windows.storage.dll
0x00007ff9b7f70000 - 0x00007ff9b80ae000 	C:\WINDOWS\SYSTEM32\wintypes.dll
0x00007ff9bbf00000 - 0x00007ff9bbff1000 	C:\WINDOWS\System32\SHCORE.dll
0x00007ff9badb0000 - 0x00007ff9bae0e000 	C:\WINDOWS\System32\shlwapi.dll
0x00007ff9b9fc0000 - 0x00007ff9b9fe1000 	C:\WINDOWS\SYSTEM32\profapi.dll
0x00007ff980840000 - 0x00007ff980859000 	C:\Program Files\Java\jdk-11.0.16.1\bin\net.dll
0x00007ff9b5e90000 - 0x00007ff9b5fbf000 	C:\WINDOWS\SYSTEM32\WINHTTP.dll
0x00007ff9b9550000 - 0x00007ff9b95b9000 	C:\WINDOWS\system32\mswsock.dll
0x00007ff980820000 - 0x00007ff980832000 	C:\Program Files\Java\jdk-11.0.16.1\bin\nio.dll
0x00007ff8c2d90000 - 0x00007ff8c2f2b000 	C:\Program Files\Java\jdk-11.0.16.1\bin\awt.dll
0x00007ff9b5b30000 - 0x00007ff9b5bc7000 	C:\WINDOWS\SYSTEM32\apphelp.dll
0x00007ff9b7350000 - 0x00007ff9b737b000 	C:\WINDOWS\system32\DWMAPI.DLL
0x00007ff9b70a0000 - 0x00007ff9b714b000 	C:\WINDOWS\system32\uxtheme.dll
0x00007ff936f70000 - 0x00007ff937070000 	C:\WINDOWS\system32\opengl32.dll
0x00007ff92fbb0000 - 0x00007ff92fbdd000 	C:\WINDOWS\SYSTEM32\GLU32.dll
0x00007ff9b71e0000 - 0x00007ff9b7216000 	C:\WINDOWS\SYSTEM32\dxcore.dll
0x00007ff9baae0000 - 0x00007ff9babfe000 	C:\WINDOWS\System32\MSCTF.dll
0x00007ff9bc3e0000 - 0x00007ff9bc57c000 	C:\WINDOWS\System32\ole32.dll
0x00007ff9a7650000 - 0x00007ff9a77f9000 	C:\WINDOWS\system32\d3d9.dll
0x00007ff9afc30000 - 0x00007ff9afdeb000 	C:\WINDOWS\System32\DriverStore\FileRepository\u0382030.inf_amd64_c27c1f19988d7c7e\B381533\aticfx64.dll
0x00007ff9224c0000 - 0x00007ff9224f4000 	C:\WINDOWS\System32\DriverStore\FileRepository\u0382030.inf_amd64_c27c1f19988d7c7e\B381533\atiu9p64.dll
0x00007ff921750000 - 0x00007ff9224a5000 	C:\WINDOWS\System32\DriverStore\FileRepository\u0382030.inf_amd64_c27c1f19988d7c7e\B381533\atiumd64.dll
0x0000000076850000 - 0x0000000077776000 	C:\WINDOWS\System32\DriverStore\FileRepository\u0382030.inf_amd64_c27c1f19988d7c7e\B381533\atiumd6a.dll
0x00007ff9bc730000 - 0x00007ff9bcbaa000 	C:\WINDOWS\System32\SETUPAPI.dll
0x00007ff9b9f60000 - 0x00007ff9b9fad000 	C:\WINDOWS\SYSTEM32\POWRPROF.dll
0x00007ff9b9f40000 - 0x00007ff9b9f53000 	C:\WINDOWS\SYSTEM32\UMPDC.dll
0x00007ff9adcc0000 - 0x00007ff9adcf5000 	C:\WINDOWS\SYSTEM32\amdihk64.dll
0x00007ff9b3080000 - 0x00007ff9b30c9000 	C:\WINDOWS\SYSTEM32\directxdatabasehelper.dll
0x00007ff9b97a0000 - 0x00007ff9b97bb000 	C:\WINDOWS\SYSTEM32\CRYPTSP.dll
0x00007ff9b9050000 - 0x00007ff9b9085000 	C:\WINDOWS\system32\rsaenh.dll
0x00007ff9b9640000 - 0x00007ff9b9668000 	C:\WINDOWS\SYSTEM32\USERENV.dll
0x00007ff9b9940000 - 0x00007ff9b9968000 	C:\WINDOWS\SYSTEM32\bcrypt.dll
0x00007ff9b97c0000 - 0x00007ff9b97cc000 	C:\WINDOWS\SYSTEM32\CRYPTBASE.dll
0x00007ff9b8bd0000 - 0x00007ff9b8bfd000 	C:\WINDOWS\SYSTEM32\IPHLPAPI.DLL
0x00007ff9bc3d0000 - 0x00007ff9bc3d9000 	C:\WINDOWS\System32\NSI.dll
0x00007ff9b4320000 - 0x00007ff9b4339000 	C:\WINDOWS\SYSTEM32\dhcpcsvc6.DLL
0x00007ff9b3d60000 - 0x00007ff9b3d7f000 	C:\WINDOWS\SYSTEM32\dhcpcsvc.DLL
0x00007ff9b8c00000 - 0x00007ff9b8cf3000 	C:\WINDOWS\SYSTEM32\DNSAPI.dll
0x00000000637c0000 - 0x00000000637cd000 	C:\Users\mridu\AppData\Local\Temp\jogamp_0000\file_cache\jln109597707793761832\jln10381848794925888178\natives\windows-amd64\gluegen-rt.dll
0x00007ff99dbc0000 - 0x00007ff99dbc7000 	C:\Program Files\Java\jdk-11.0.16.1\bin\jawt.dll
0x000000006a440000 - 0x000000006a44d000 	C:\Users\mridu\AppData\Local\Temp\jogamp_0000\file_cache\jln109597707793761832\jln10381848794925888178\natives\windows-amd64\nativewindow_awt.dll
0x000000006c100000 - 0x000000006c10f000 	C:\Users\mridu\AppData\Local\Temp\jogamp_0000\file_cache\jln109597707793761832\jln10381848794925888178\natives\windows-amd64\nativewindow_win32.dll
0x0000000064500000 - 0x00000000645b1000 	C:\Users\mridu\AppData\Local\Temp\jogamp_0000\file_cache\jln109597707793761832\jln10381848794925888178\natives\windows-amd64\jogl_desktop.dll
0x0000000064340000 - 0x00000000643a2000 	C:\Users\mridu\AppData\Local\Temp\jogamp_0000\file_cache\jln109597707793761832\jln10381848794925888178\natives\windows-amd64\jogl_mobile.dll
0x00007ff9bbe50000 - 0x00007ff9bbf00000 	C:\WINDOWS\System32\clbcatq.dll
0x00007ff9b32c0000 - 0x00007ff9b33f5000 	C:\Windows\System32\AppXDeploymentClient.dll
0x00007ff9ad5f0000 - 0x00007ff9ad61d000 	C:\WINDOWS\System32\DriverStore\FileRepository\u0382030.inf_amd64_c27c1f19988d7c7e\B381533\atig6pxx.dll
0x00007ff90a990000 - 0x00007ff90e31f000 	C:\WINDOWS\System32\DriverStore\FileRepository\u0382030.inf_amd64_c27c1f19988d7c7e\B381533\atio6axx.dll
0x00007ff9b9c30000 - 0x00007ff9b9c63000 	C:\WINDOWS\SYSTEM32\DEVOBJ.dll
0x00007ff9b9c70000 - 0x00007ff9b9cbe000 	C:\WINDOWS\SYSTEM32\cfgmgr32.dll
0x00007ff9ba620000 - 0x00007ff9ba68b000 	C:\WINDOWS\System32\WINTRUST.dll
0x00007ff9ba7b0000 - 0x00007ff9ba916000 	C:\WINDOWS\System32\CRYPT32.dll
0x00007ff9b9cf0000 - 0x00007ff9b9d02000 	C:\WINDOWS\SYSTEM32\MSASN1.dll
0x00007ff980580000 - 0x00007ff980606000 	C:\Program Files\Java\jdk-11.0.16.1\bin\freetype.dll
0x00007ff8ca8d0000 - 0x00007ff8ca975000 	C:\Program Files\Java\jdk-11.0.16.1\bin\fontmanager.dll
0x00007ff9a9eb0000 - 0x00007ff9a9fdd000 	C:\WINDOWS\SYSTEM32\textinputframework.dll
0x00007ff9b5600000 - 0x00007ff9b5733000 	C:\WINDOWS\SYSTEM32\CoreMessaging.dll
0x00007ff9b2220000 - 0x00007ff9b258c000 	C:\WINDOWS\SYSTEM32\CoreUIComponents.dll

dbghelp: loaded successfully - version: 4.0.5 - missing functions: none
symbol engine: initialized successfully - sym options: 0x614 - pdb path: .;C:\Program Files\Java\jdk-11.0.16.1\bin;C:\WINDOWS\SYSTEM32;C:\WINDOWS\WinSxS\amd64_microsoft.windows.common-controls_6595b64144ccf1df_6.0.22621.608_none_a9444ca7c10bb01d;C:\Program Files\Java\jdk-11.0.16.1\bin\server;C:\WINDOWS\System32\DriverStore\FileRepository\u0382030.inf_amd64_c27c1f19988d7c7e\B381533;C:\Users\mridu\AppData\Local\Temp\jogamp_0000\file_cache\jln109597707793761832\jln10381848794925888178\natives\windows-amd64

VM Arguments:
java_command: Main
java_class_path (initial): C:\Users\mridu\AppData\Roaming\Code\User\workspaceStorage\21db9d782550ea48479911297b19bb79\redhat.java\jdt_ws\capstone-java-version_d8a7baa4\bin;c:\Users\mridu\OneDrive\Desktop\CAPSTONE\j to the a to the v to the a\all required jar files\gluegen-rt-natives-windows-amd64.jar;c:\Users\mridu\OneDrive\Desktop\CAPSTONE\j to the a to the v to the a\all required jar files\jogl-all-natives-windows-amd64.jar;c:\Users\mridu\OneDrive\Desktop\CAPSTONE\j to the a to the v to the a\all required jar files\joml-1.10.4.jar;c:\Users\mridu\OneDrive\Desktop\CAPSTONE\j to the a to the v to the a\all required jar files\gluegen-rt.jar;c:\Users\mridu\OneDrive\Desktop\CAPSTONE\j to the a to the v to the a\all required jar files\jogl-all.jar;c:\Users\mridu\OneDrive\Desktop\CAPSTONE\j to the a to the v to the a\all required jar files\JOGL2.jar
Launcher Type: SUN_STANDARD

[Global flags]
     intx CICompilerCount                          = 12                                        {product} {ergonomic}
     uint ConcGCThreads                            = 3                                         {product} {ergonomic}
     uint G1ConcRefinementThreads                  = 13                                        {product} {ergonomic}
   size_t G1HeapRegionSize                         = 1048576                                   {product} {ergonomic}
    uintx GCDrainStackTargetSize                   = 64                                        {product} {ergonomic}
   size_t InitialHeapSize                          = 260046848                                 {product} {ergonomic}
   size_t MarkStackSize                            = 4194304                                   {product} {ergonomic}
   size_t MaxHeapSize                              = 4137680896                                {product} {ergonomic}
   size_t MaxNewSize                               = 2481979392                                {product} {ergonomic}
   size_t MinHeapDeltaBytes                        = 1048576                                   {product} {ergonomic}
    uintx NonNMethodCodeHeapSize                   = 7594288                                {pd product} {ergonomic}
    uintx NonProfiledCodeHeapSize                  = 122031976                              {pd product} {ergonomic}
    uintx ProfiledCodeHeapSize                     = 122031976                              {pd product} {ergonomic}
    uintx ReservedCodeCacheSize                    = 251658240                              {pd product} {ergonomic}
     bool SegmentedCodeCache                       = true                                      {product} {ergonomic}
     bool UseCompressedClassPointers               = true                                 {lp64_product} {ergonomic}
     bool UseCompressedOops                        = true                                 {lp64_product} {ergonomic}
     bool UseG1GC                                  = true                                      {product} {ergonomic}
     bool UseLargePagesIndividualAllocation        = false                                  {pd product} {ergonomic}

Logging:
Log output configuration:
 #0: stdout all=warning uptime,level,tags
 #1: stderr all=off uptime,level,tags

Environment Variables:
JAVA_HOME=C:\Program Files\Java\jdk-11.0.16.1
PATH=C:\Program Files\National Instruments\Shared\OpenVINO\;C:\Program Files\Common Files\Oracle\Java\javapath;C:\Windows\system32;C:\Windows;C:\Windows\System32\Wbem;C:\Windows\System32\WindowsPowerShell\v1.0\;C:\Windows\System32\OpenSSH\;C:\Program Files (x86)\NVIDIA Corporation\PhysX\Common;C:\Program Files\NVIDIA Corporation\NVIDIA NvDLISR;C:\WINDOWS\system32;C:\WINDOWS;C:\WINDOWS\System32\Wbem;C:\WINDOWS\System32\WindowsPowerShell\v1.0\;C:\WINDOWS\System32\OpenSSH\;C:\Program Files\Java\jdk-11.0.16.1;C:\Users\mridu\AppData\Local\Programs\Microsoft VS Code\bin;C:\Users\mridu\AppData\Local\GitHubDesktop\bin;C:\Program Files\JetBrains\PyCharm Community Edition 2022.3.2\bin
USERNAME=mridu
OS=Windows_NT
PROCESSOR_IDENTIFIER=AMD64 Family 25 Model 80 Stepping 0, AuthenticAMD



---------------  S Y S T E M  ---------------

OS: Windows 11 , 64 bit Build 22621 (10.0.22621.1194)

CPU:total 16 (initial active 16) (16 cores per cpu, 2 threads per core) family 25 model 80 stepping 0 microcode 0x0, cmov, cx8, fxsr, mmx, sse, sse2, sse3, ssse3, sse4.1, sse4.2, popcnt, avx, avx2, aes, clmul, erms, mmxext, 3dnowpref, lzcnt, sse4a, ht, tsc, tscinvbit, tscinv, bmi1, bmi2,

Memory: 4k page, system-wide physical 15776M (3653M free)
TotalPageFile size 27089M (AvailPageFile size 3714M)
current process WorkingSet (physical memory assigned to process): 248M, peak: 253M
current process commit charge ("private bytes"): 565M, peak: 570M

vm_info: Java HotSpot(TM) 64-Bit Server VM (11.0.16.1+1-LTS-1) for windows-amd64 JRE (11.0.16.1+1-LTS-1), built on Aug 16 2022 01:46:01 by "mach5one" with MS VC++ 15.9 (VS2017)

END.
